2023-03-27 11:24:21,399 [Worker-4: Loading available Gradle versions] INFO  c.g.t.t.d.PublishedGradleVersions - Gradle version information cache is up-to-date. Trying to read.
2023-03-27 11:30:46,941 [Worker-5: Enabling Maven Dependency Management] INFO  o.e.m.c.i.l.LifecycleMappingFactory - Using org.maven.ide.eclipse.wtp.WarLifecycleMapping lifecycle mapping for MavenProject: tourmate_backend:tourmate_backend:0.0.1-SNAPSHOT @ C:\Users\SSAFY\Desktop\pjt-back\tourmate_backend\pom.xml.
2023-03-27 11:30:48,273 [Worker-17: Building workspace] WARN  o.e.m.c.i.embedder.EclipseLogger - Using platform encoding (MS949 actually) to copy filtered resources, i.e. build is platform dependent!
2023-03-27 11:30:48,274 [Worker-17: Building workspace] INFO  o.e.m.c.i.embedder.EclipseLogger - skip non existing resourceDirectory C:\Users\SSAFY\Desktop\pjt-back\tourmate_backend\src\main\resources
2023-03-27 11:30:48,275 [Worker-17: Building workspace] WARN  o.e.m.c.i.embedder.EclipseLogger - Using platform encoding (MS949 actually) to copy filtered resources, i.e. build is platform dependent!
2023-03-27 11:30:48,276 [Worker-17: Building workspace] INFO  o.e.m.c.i.embedder.EclipseLogger - skip non existing resourceDirectory C:\Users\SSAFY\Desktop\pjt-back\tourmate_backend\src\test\resources
2023-03-27 11:30:48,292 [Worker-5: Enabling Maven Dependency Management] INFO  o.e.m.j.i.AbstractJavaProjectConfigurator - Adding source folder /tourmate_backend/src
2023-03-27 11:30:48,292 [Worker-5: Enabling Maven Dependency Management] INFO  o.e.m.j.i.AbstractJavaProjectConfigurator - Not adding source folder /tourmate_backend/src/test/java because it overlaps with /tourmate_backend/src
2023-03-27 11:30:48,498 [Worker-5: Enabling Maven Dependency Management] INFO  o.e.m.c.i.p.ProjectConfigurationManager - Update started
2023-03-27 11:30:48,852 [Worker-5: Enabling Maven Dependency Management] INFO  o.e.m.c.i.l.LifecycleMappingFactory - Using org.maven.ide.eclipse.wtp.WarLifecycleMapping lifecycle mapping for MavenProject: tourmate_backend:tourmate_backend:0.0.1-SNAPSHOT @ C:\Users\SSAFY\Desktop\pjt-back\tourmate_backend\pom.xml.
2023-03-27 11:30:49,435 [Worker-5: Enabling Maven Dependency Management] INFO  o.e.m.j.i.AbstractJavaProjectConfigurator - Adding source folder /tourmate_backend/src
2023-03-27 11:30:49,436 [Worker-5: Enabling Maven Dependency Management] INFO  o.e.m.j.i.AbstractJavaProjectConfigurator - Not adding source folder /tourmate_backend/src/test/java because it overlaps with /tourmate_backend/src
2023-03-27 11:30:49,568 [Worker-5: Enabling Maven Dependency Management] INFO  o.e.m.w.i.f.ResourceFilteringBuildParticipant - Cleaning filtered folder for tourmate_backend
2023-03-27 11:30:49,581 [Worker-5: Enabling Maven Dependency Management] INFO  o.e.m.c.i.p.ProjectConfigurationManager - Update completed: 1 sec
2023-03-27 11:30:49,699 [Worker-14: Building workspace] WARN  o.e.m.c.i.embedder.EclipseLogger - Using platform encoding (MS949 actually) to copy filtered resources, i.e. build is platform dependent!
2023-03-27 11:30:49,700 [Worker-14: Building workspace] INFO  o.e.m.c.i.embedder.EclipseLogger - skip non existing resourceDirectory C:\Users\SSAFY\Desktop\pjt-back\tourmate_backend\src\main\resources
2023-03-27 11:30:49,702 [Worker-14: Building workspace] WARN  o.e.m.c.i.embedder.EclipseLogger - Using platform encoding (MS949 actually) to copy filtered resources, i.e. build is platform dependent!
2023-03-27 11:30:49,702 [Worker-14: Building workspace] INFO  o.e.m.c.i.embedder.EclipseLogger - skip non existing resourceDirectory C:\Users\SSAFY\Desktop\pjt-back\tourmate_backend\src\test\resources
2023-03-27 11:30:49,703 [Worker-14: Building workspace] INFO  o.e.m.w.i.f.ResourceFilteringBuildParticipant - Changed resources require a complete clean of filtered resources of tourmate_backend
2023-03-27 11:30:49,703 [Worker-14: Building workspace] INFO  o.e.m.w.i.f.ResourceFilteringBuildParticipant - Executing resource filtering for tourmate_backend
2023-03-27 11:30:49,723 [Worker-14: Building workspace] WARN  o.e.m.c.i.embedder.EclipseLogger - Using platform encoding (MS949 actually) to copy filtered resources, i.e. build is platform dependent!
2023-03-27 11:33:26,819 [Worker-20: Building workspace] INFO  o.e.m.c.i.l.LifecycleMappingFactory - Using org.maven.ide.eclipse.wtp.WarLifecycleMapping lifecycle mapping for MavenProject: tourmate_backend:tourmate_backend:0.0.1-SNAPSHOT @ C:\Users\SSAFY\Desktop\pjt-back\tourmate_backend\pom.xml.
2023-03-27 11:33:26,966 [Worker-20: Building workspace] INFO  o.e.m.c.i.e.AbstractTransferListenerAdapter - Downloading https://repo.maven.apache.org/maven2/mysql/mysql-connector-java/8.0.30/mysql-connector-java-8.0.30.pom
2023-03-27 11:33:26,979 [Worker-20: Building workspace] INFO  o.e.m.c.i.e.AbstractTransferListenerAdapter - Downloaded https://repo.maven.apache.org/maven2/mysql/mysql-connector-java/8.0.30/mysql-connector-java-8.0.30.pom
2023-03-27 11:33:27,013 [Worker-20: Building workspace] INFO  o.e.m.c.i.e.AbstractTransferListenerAdapter - Downloading https://repo.maven.apache.org/maven2/mysql/mysql-connector-java/8.0.30/mysql-connector-java-8.0.30.jar
2023-03-27 11:33:27,241 [Worker-20: Building workspace] INFO  o.e.m.c.i.e.AbstractTransferListenerAdapter - Downloaded https://repo.maven.apache.org/maven2/mysql/mysql-connector-java/8.0.30/mysql-connector-java-8.0.30.jar
2023-03-27 11:33:27,832 [Worker-20: Building workspace] WARN  o.e.m.c.i.embedder.EclipseLogger - Using platform encoding (MS949 actually) to copy filtered resources, i.e. build is platform dependent!
2023-03-27 11:33:27,833 [Worker-20: Building workspace] INFO  o.e.m.c.i.embedder.EclipseLogger - skip non existing resourceDirectory C:\Users\SSAFY\Desktop\pjt-back\tourmate_backend\src\main\resources
2023-03-27 11:33:27,834 [Worker-20: Building workspace] WARN  o.e.m.c.i.embedder.EclipseLogger - Using platform encoding (MS949 actually) to copy filtered resources, i.e. build is platform dependent!
2023-03-27 11:33:27,835 [Worker-20: Building workspace] INFO  o.e.m.c.i.embedder.EclipseLogger - skip non existing resourceDirectory C:\Users\SSAFY\Desktop\pjt-back\tourmate_backend\src\test\resources
2023-03-27 11:33:27,835 [Worker-20: Building workspace] INFO  o.e.m.w.i.f.ResourceFilteringBuildParticipant - Changed resources require a complete clean of filtered resources of tourmate_backend
2023-03-27 11:33:27,835 [Worker-20: Building workspace] INFO  o.e.m.w.i.f.ResourceFilteringBuildParticipant - Executing resource filtering for tourmate_backend
2023-03-27 11:33:27,838 [Worker-20: Building workspace] WARN  o.e.m.c.i.embedder.EclipseLogger - Using platform encoding (MS949 actually) to copy filtered resources, i.e. build is platform dependent!
2023-03-27 11:33:28,726 [Worker-20: Download sources and javadoc] INFO  o.e.m.c.i.e.AbstractTransferListenerAdapter - Downloading https://repo.maven.apache.org/maven2/mysql/mysql-connector-java/8.0.30/mysql-connector-java-8.0.30-sources.jar
2023-03-27 11:33:28,780 [Worker-20: Download sources and javadoc] INFO  o.e.m.c.i.e.AbstractTransferListenerAdapter - Downloaded https://repo.maven.apache.org/maven2/mysql/mysql-connector-java/8.0.30/mysql-connector-java-8.0.30-sources.jar
2023-03-27 11:33:28,820 [Worker-20: Download sources and javadoc] INFO  o.e.m.j.internal.DownloadSourcesJob - Downloaded sources for mysql:mysql-connector-java:8.0.30
2023-03-27 11:33:29,002 [Worker-19: Building workspace] WARN  o.e.m.c.i.embedder.EclipseLogger - Using platform encoding (MS949 actually) to copy filtered resources, i.e. build is platform dependent!
2023-03-27 11:33:29,003 [Worker-19: Building workspace] INFO  o.e.m.c.i.embedder.EclipseLogger - skip non existing resourceDirectory C:\Users\SSAFY\Desktop\pjt-back\tourmate_backend\src\main\resources
2023-03-27 11:33:29,004 [Worker-19: Building workspace] WARN  o.e.m.c.i.embedder.EclipseLogger - Using platform encoding (MS949 actually) to copy filtered resources, i.e. build is platform dependent!
2023-03-27 11:33:29,004 [Worker-19: Building workspace] INFO  o.e.m.c.i.embedder.EclipseLogger - skip non existing resourceDirectory C:\Users\SSAFY\Desktop\pjt-back\tourmate_backend\src\test\resources
2023-03-27 11:33:34,996 [Worker-20: Building workspace] INFO  o.e.m.c.i.l.LifecycleMappingFactory - Using org.maven.ide.eclipse.wtp.WarLifecycleMapping lifecycle mapping for MavenProject: tourmate_backend:tourmate_backend:0.0.1-SNAPSHOT @ C:\Users\SSAFY\Desktop\pjt-back\tourmate_backend\pom.xml.
2023-03-27 11:33:35,388 [Worker-20: Building workspace] WARN  o.e.m.c.i.embedder.EclipseLogger - Using platform encoding (MS949 actually) to copy filtered resources, i.e. build is platform dependent!
2023-03-27 11:33:35,389 [Worker-20: Building workspace] INFO  o.e.m.c.i.embedder.EclipseLogger - skip non existing resourceDirectory C:\Users\SSAFY\Desktop\pjt-back\tourmate_backend\src\main\resources
2023-03-27 11:33:35,390 [Worker-20: Building workspace] WARN  o.e.m.c.i.embedder.EclipseLogger - Using platform encoding (MS949 actually) to copy filtered resources, i.e. build is platform dependent!
2023-03-27 11:33:35,391 [Worker-20: Building workspace] INFO  o.e.m.c.i.embedder.EclipseLogger - skip non existing resourceDirectory C:\Users\SSAFY\Desktop\pjt-back\tourmate_backend\src\test\resources
2023-03-27 11:33:35,391 [Worker-20: Building workspace] INFO  o.e.m.w.i.f.ResourceFilteringBuildParticipant - Changed resources require a complete clean of filtered resources of tourmate_backend
2023-03-27 11:33:35,391 [Worker-20: Building workspace] INFO  o.e.m.w.i.f.ResourceFilteringBuildParticipant - Executing resource filtering for tourmate_backend
2023-03-27 11:33:35,394 [Worker-20: Building workspace] WARN  o.e.m.c.i.embedder.EclipseLogger - Using platform encoding (MS949 actually) to copy filtered resources, i.e. build is platform dependent!
2023-03-27 11:34:02,754 [Worker-19: Building workspace] INFO  o.e.m.c.i.l.LifecycleMappingFactory - Using org.maven.ide.eclipse.wtp.WarLifecycleMapping lifecycle mapping for MavenProject: tourmate_backend:tourmate_backend:0.0.1-SNAPSHOT @ C:\Users\SSAFY\Desktop\pjt-back\tourmate_backend\pom.xml.
2023-03-27 11:34:03,135 [Worker-19: Building workspace] WARN  o.e.m.c.i.embedder.EclipseLogger - Using platform encoding (MS949 actually) to copy filtered resources, i.e. build is platform dependent!
2023-03-27 11:34:03,136 [Worker-19: Building workspace] INFO  o.e.m.c.i.embedder.EclipseLogger - skip non existing resourceDirectory C:\Users\SSAFY\Desktop\pjt-back\tourmate_backend\src\main\resources
2023-03-27 11:34:03,137 [Worker-19: Building workspace] WARN  o.e.m.c.i.embedder.EclipseLogger - Using platform encoding (MS949 actually) to copy filtered resources, i.e. build is platform dependent!
2023-03-27 11:34:03,137 [Worker-19: Building workspace] INFO  o.e.m.c.i.embedder.EclipseLogger - skip non existing resourceDirectory C:\Users\SSAFY\Desktop\pjt-back\tourmate_backend\src\test\resources
2023-03-27 11:34:03,137 [Worker-19: Building workspace] INFO  o.e.m.w.i.f.ResourceFilteringBuildParticipant - Changed resources require a complete clean of filtered resources of tourmate_backend
2023-03-27 11:34:03,137 [Worker-19: Building workspace] INFO  o.e.m.w.i.f.ResourceFilteringBuildParticipant - Executing resource filtering for tourmate_backend
2023-03-27 11:34:03,140 [Worker-19: Building workspace] WARN  o.e.m.c.i.embedder.EclipseLogger - Using platform encoding (MS949 actually) to copy filtered resources, i.e. build is platform dependent!
2023-03-27 11:34:22,034 [Worker-19: Building workspace] WARN  o.e.m.c.i.embedder.EclipseLogger - Using platform encoding (MS949 actually) to copy filtered resources, i.e. build is platform dependent!
2023-03-27 11:34:22,035 [Worker-19: Building workspace] INFO  o.e.m.c.i.embedder.EclipseLogger - skip non existing resourceDirectory C:\Users\SSAFY\Desktop\pjt-back\tourmate_backend\src\main\resources
2023-03-27 11:34:22,036 [Worker-19: Building workspace] WARN  o.e.m.c.i.embedder.EclipseLogger - Using platform encoding (MS949 actually) to copy filtered resources, i.e. build is platform dependent!
2023-03-27 11:34:22,036 [Worker-19: Building workspace] INFO  o.e.m.c.i.embedder.EclipseLogger - skip non existing resourceDirectory C:\Users\SSAFY\Desktop\pjt-back\tourmate_backend\src\test\resources
2023-03-27 11:34:30,388 [Worker-16: Building workspace] WARN  o.e.m.c.i.embedder.EclipseLogger - Using platform encoding (MS949 actually) to copy filtered resources, i.e. build is platform dependent!
2023-03-27 11:34:30,389 [Worker-16: Building workspace] INFO  o.e.m.c.i.embedder.EclipseLogger - skip non existing resourceDirectory C:\Users\SSAFY\Desktop\pjt-back\tourmate_backend\src\main\resources
2023-03-27 11:34:30,389 [Worker-16: Building workspace] WARN  o.e.m.c.i.embedder.EclipseLogger - Using platform encoding (MS949 actually) to copy filtered resources, i.e. build is platform dependent!
2023-03-27 11:34:30,390 [Worker-16: Building workspace] INFO  o.e.m.c.i.embedder.EclipseLogger - skip non existing resourceDirectory C:\Users\SSAFY\Desktop\pjt-back\tourmate_backend\src\test\resources
2023-03-27 11:34:37,360 [Worker-20: Building workspace] WARN  o.e.m.c.i.embedder.EclipseLogger - Using platform encoding (MS949 actually) to copy filtered resources, i.e. build is platform dependent!
2023-03-27 11:34:37,361 [Worker-20: Building workspace] INFO  o.e.m.c.i.embedder.EclipseLogger - skip non existing resourceDirectory C:\Users\SSAFY\Desktop\pjt-back\tourmate_backend\src\main\resources
2023-03-27 11:34:37,361 [Worker-20: Building workspace] WARN  o.e.m.c.i.embedder.EclipseLogger - Using platform encoding (MS949 actually) to copy filtered resources, i.e. build is platform dependent!
2023-03-27 11:34:37,362 [Worker-20: Building workspace] INFO  o.e.m.c.i.embedder.EclipseLogger - skip non existing resourceDirectory C:\Users\SSAFY\Desktop\pjt-back\tourmate_backend\src\test\resources
2023-03-27 11:34:42,282 [Worker-19: Building workspace] WARN  o.e.m.c.i.embedder.EclipseLogger - Using platform encoding (MS949 actually) to copy filtered resources, i.e. build is platform dependent!
2023-03-27 11:34:42,282 [Worker-19: Building workspace] INFO  o.e.m.c.i.embedder.EclipseLogger - skip non existing resourceDirectory C:\Users\SSAFY\Desktop\pjt-back\tourmate_backend\src\main\resources
2023-03-27 11:34:42,283 [Worker-19: Building workspace] WARN  o.e.m.c.i.embedder.EclipseLogger - Using platform encoding (MS949 actually) to copy filtered resources, i.e. build is platform dependent!
2023-03-27 11:34:42,283 [Worker-19: Building workspace] INFO  o.e.m.c.i.embedder.EclipseLogger - skip non existing resourceDirectory C:\Users\SSAFY\Desktop\pjt-back\tourmate_backend\src\test\resources
2023-03-27 11:34:55,377 [Worker-18: Building workspace] WARN  o.e.m.c.i.embedder.EclipseLogger - Using platform encoding (MS949 actually) to copy filtered resources, i.e. build is platform dependent!
2023-03-27 11:34:55,378 [Worker-18: Building workspace] INFO  o.e.m.c.i.embedder.EclipseLogger - skip non existing resourceDirectory C:\Users\SSAFY\Desktop\pjt-back\tourmate_backend\src\main\resources
2023-03-27 11:34:55,378 [Worker-18: Building workspace] WARN  o.e.m.c.i.embedder.EclipseLogger - Using platform encoding (MS949 actually) to copy filtered resources, i.e. build is platform dependent!
2023-03-27 11:34:55,379 [Worker-18: Building workspace] INFO  o.e.m.c.i.embedder.EclipseLogger - skip non existing resourceDirectory C:\Users\SSAFY\Desktop\pjt-back\tourmate_backend\src\test\resources
2023-03-27 11:35:20,648 [Worker-16: Building workspace] WARN  o.e.m.c.i.embedder.EclipseLogger - Using platform encoding (MS949 actually) to copy filtered resources, i.e. build is platform dependent!
2023-03-27 11:35:20,648 [Worker-16: Building workspace] INFO  o.e.m.c.i.embedder.EclipseLogger - skip non existing resourceDirectory C:\Users\SSAFY\Desktop\pjt-back\tourmate_backend\src\main\resources
2023-03-27 11:35:20,649 [Worker-16: Building workspace] WARN  o.e.m.c.i.embedder.EclipseLogger - Using platform encoding (MS949 actually) to copy filtered resources, i.e. build is platform dependent!
2023-03-27 11:35:20,649 [Worker-16: Building workspace] INFO  o.e.m.c.i.embedder.EclipseLogger - skip non existing resourceDirectory C:\Users\SSAFY\Desktop\pjt-back\tourmate_backend\src\test\resources
2023-03-27 11:35:28,178 [Worker-21: Building workspace] WARN  o.e.m.c.i.embedder.EclipseLogger - Using platform encoding (MS949 actually) to copy filtered resources, i.e. build is platform dependent!
2023-03-27 11:35:28,179 [Worker-21: Building workspace] INFO  o.e.m.c.i.embedder.EclipseLogger - skip non existing resourceDirectory C:\Users\SSAFY\Desktop\pjt-back\tourmate_backend\src\main\resources
2023-03-27 11:35:28,179 [Worker-21: Building workspace] WARN  o.e.m.c.i.embedder.EclipseLogger - Using platform encoding (MS949 actually) to copy filtered resources, i.e. build is platform dependent!
2023-03-27 11:35:28,179 [Worker-21: Building workspace] INFO  o.e.m.c.i.embedder.EclipseLogger - skip non existing resourceDirectory C:\Users\SSAFY\Desktop\pjt-back\tourmate_backend\src\test\resources
2023-03-27 11:35:50,928 [Worker-16: Building workspace] WARN  o.e.m.c.i.embedder.EclipseLogger - Using platform encoding (MS949 actually) to copy filtered resources, i.e. build is platform dependent!
2023-03-27 11:35:50,929 [Worker-16: Building workspace] INFO  o.e.m.c.i.embedder.EclipseLogger - skip non existing resourceDirectory C:\Users\SSAFY\Desktop\pjt-back\tourmate_backend\src\main\resources
2023-03-27 11:35:50,930 [Worker-16: Building workspace] WARN  o.e.m.c.i.embedder.EclipseLogger - Using platform encoding (MS949 actually) to copy filtered resources, i.e. build is platform dependent!
2023-03-27 11:35:50,931 [Worker-16: Building workspace] INFO  o.e.m.c.i.embedder.EclipseLogger - skip non existing resourceDirectory C:\Users\SSAFY\Desktop\pjt-back\tourmate_backend\src\test\resources
2023-03-27 11:37:49,800 [Worker-23: Building workspace] WARN  o.e.m.c.i.embedder.EclipseLogger - Using platform encoding (MS949 actually) to copy filtered resources, i.e. build is platform dependent!
2023-03-27 11:37:49,801 [Worker-23: Building workspace] INFO  o.e.m.c.i.embedder.EclipseLogger - skip non existing resourceDirectory C:\Users\SSAFY\Desktop\pjt-back\tourmate_backend\src\main\resources
2023-03-27 11:37:49,801 [Worker-23: Building workspace] WARN  o.e.m.c.i.embedder.EclipseLogger - Using platform encoding (MS949 actually) to copy filtered resources, i.e. build is platform dependent!
2023-03-27 11:37:49,802 [Worker-23: Building workspace] INFO  o.e.m.c.i.embedder.EclipseLogger - skip non existing resourceDirectory C:\Users\SSAFY\Desktop\pjt-back\tourmate_backend\src\test\resources
2023-03-27 11:37:49,802 [Worker-23: Building workspace] INFO  o.e.m.w.i.f.ResourceFilteringBuildParticipant - Changed resources require a complete clean of filtered resources of tourmate_backend
2023-03-27 11:37:49,802 [Worker-23: Building workspace] INFO  o.e.m.w.i.f.ResourceFilteringBuildParticipant - Executing resource filtering for tourmate_backend
2023-03-27 11:37:49,810 [Worker-23: Building workspace] WARN  o.e.m.c.i.embedder.EclipseLogger - Using platform encoding (MS949 actually) to copy filtered resources, i.e. build is platform dependent!
2023-03-27 11:52:09,889 [Worker-26: Building workspace] WARN  o.e.m.c.i.embedder.EclipseLogger - Using platform encoding (MS949 actually) to copy filtered resources, i.e. build is platform dependent!
2023-03-27 11:52:09,889 [Worker-26: Building workspace] INFO  o.e.m.c.i.embedder.EclipseLogger - skip non existing resourceDirectory C:\Users\SSAFY\Desktop\pjt-back\tourmate_backend\src\main\resources
2023-03-27 11:52:09,890 [Worker-26: Building workspace] WARN  o.e.m.c.i.embedder.EclipseLogger - Using platform encoding (MS949 actually) to copy filtered resources, i.e. build is platform dependent!
2023-03-27 11:52:09,891 [Worker-26: Building workspace] INFO  o.e.m.c.i.embedder.EclipseLogger - skip non existing resourceDirectory C:\Users\SSAFY\Desktop\pjt-back\tourmate_backend\src\test\resources
2023-03-27 13:14:42,605 [Worker-56: Building workspace] WARN  o.e.m.c.i.embedder.EclipseLogger - Using platform encoding (MS949 actually) to copy filtered resources, i.e. build is platform dependent!
2023-03-27 13:14:42,606 [Worker-56: Building workspace] INFO  o.e.m.c.i.embedder.EclipseLogger - skip non existing resourceDirectory C:\Users\SSAFY\Desktop\pjt-back\tourmate_backend\src\main\resources
2023-03-27 13:14:42,606 [Worker-56: Building workspace] WARN  o.e.m.c.i.embedder.EclipseLogger - Using platform encoding (MS949 actually) to copy filtered resources, i.e. build is platform dependent!
2023-03-27 13:14:42,607 [Worker-56: Building workspace] INFO  o.e.m.c.i.embedder.EclipseLogger - skip non existing resourceDirectory C:\Users\SSAFY\Desktop\pjt-back\tourmate_backend\src\test\resources
2023-03-27 13:14:51,126 [Worker-61: Building workspace] WARN  o.e.m.c.i.embedder.EclipseLogger - Using platform encoding (MS949 actually) to copy filtered resources, i.e. build is platform dependent!
2023-03-27 13:14:51,127 [Worker-61: Building workspace] INFO  o.e.m.c.i.embedder.EclipseLogger - skip non existing resourceDirectory C:\Users\SSAFY\Desktop\pjt-back\tourmate_backend\src\main\resources
2023-03-27 13:14:51,129 [Worker-61: Building workspace] WARN  o.e.m.c.i.embedder.EclipseLogger - Using platform encoding (MS949 actually) to copy filtered resources, i.e. build is platform dependent!
2023-03-27 13:14:51,130 [Worker-61: Building workspace] INFO  o.e.m.c.i.embedder.EclipseLogger - skip non existing resourceDirectory C:\Users\SSAFY\Desktop\pjt-back\tourmate_backend\src\test\resources
2023-03-27 13:15:18,605 [Worker-63: Building workspace] WARN  o.e.m.c.i.embedder.EclipseLogger - Using platform encoding (MS949 actually) to copy filtered resources, i.e. build is platform dependent!
2023-03-27 13:15:18,607 [Worker-63: Building workspace] INFO  o.e.m.c.i.embedder.EclipseLogger - skip non existing resourceDirectory C:\Users\SSAFY\Desktop\pjt-back\tourmate_backend\src\main\resources
2023-03-27 13:15:18,607 [Worker-63: Building workspace] WARN  o.e.m.c.i.embedder.EclipseLogger - Using platform encoding (MS949 actually) to copy filtered resources, i.e. build is platform dependent!
2023-03-27 13:15:18,608 [Worker-63: Building workspace] INFO  o.e.m.c.i.embedder.EclipseLogger - skip non existing resourceDirectory C:\Users\SSAFY\Desktop\pjt-back\tourmate_backend\src\test\resources
2023-03-27 13:16:00,662 [Worker-61: Building workspace] WARN  o.e.m.c.i.embedder.EclipseLogger - Using platform encoding (MS949 actually) to copy filtered resources, i.e. build is platform dependent!
2023-03-27 13:16:00,663 [Worker-61: Building workspace] INFO  o.e.m.c.i.embedder.EclipseLogger - skip non existing resourceDirectory C:\Users\SSAFY\Desktop\pjt-back\tourmate_backend\src\main\resources
2023-03-27 13:16:00,664 [Worker-61: Building workspace] WARN  o.e.m.c.i.embedder.EclipseLogger - Using platform encoding (MS949 actually) to copy filtered resources, i.e. build is platform dependent!
2023-03-27 13:16:00,664 [Worker-61: Building workspace] INFO  o.e.m.c.i.embedder.EclipseLogger - skip non existing resourceDirectory C:\Users\SSAFY\Desktop\pjt-back\tourmate_backend\src\test\resources
2023-03-27 13:16:17,110 [Worker-56: Building workspace] WARN  o.e.m.c.i.embedder.EclipseLogger - Using platform encoding (MS949 actually) to copy filtered resources, i.e. build is platform dependent!
2023-03-27 13:16:17,110 [Worker-56: Building workspace] INFO  o.e.m.c.i.embedder.EclipseLogger - skip non existing resourceDirectory C:\Users\SSAFY\Desktop\pjt-back\tourmate_backend\src\main\resources
2023-03-27 13:16:17,111 [Worker-56: Building workspace] WARN  o.e.m.c.i.embedder.EclipseLogger - Using platform encoding (MS949 actually) to copy filtered resources, i.e. build is platform dependent!
2023-03-27 13:16:17,111 [Worker-56: Building workspace] INFO  o.e.m.c.i.embedder.EclipseLogger - skip non existing resourceDirectory C:\Users\SSAFY\Desktop\pjt-back\tourmate_backend\src\test\resources
2023-03-27 13:16:25,802 [Worker-62: Building workspace] WARN  o.e.m.c.i.embedder.EclipseLogger - Using platform encoding (MS949 actually) to copy filtered resources, i.e. build is platform dependent!
2023-03-27 13:16:25,803 [Worker-62: Building workspace] INFO  o.e.m.c.i.embedder.EclipseLogger - skip non existing resourceDirectory C:\Users\SSAFY\Desktop\pjt-back\tourmate_backend\src\main\resources
